<?xml version="1.0" encoding="UTF-8"?>
<testsuite name="WallServiceTest" tests="3" skipped="0" failures="0" errors="0" timestamp="2021-09-23T20:39:14" hostname="DESKTOP-0CG7ONO" time="0.268">
  <properties/>
  <testcase name="updateExisting_False" classname="WallServiceTest" time="0.267"/>
  <testcase name="updateExisting_True" classname="WallServiceTest" time="0.0"/>
  <testcase name="addFunction" classname="WallServiceTest" time="0.0"/>
  <system-out><![CDATA[]]></system-out>
  <system-err><![CDATA[]]></system-err>
</testsuite>
