<?xml version="1.0" encoding="UTF-8"?>
<testsuite name="WallServiceTest" tests="5" skipped="0" failures="0" errors="0" timestamp="2021-09-30T12:44:30" hostname="DESKTOP-0CG7ONO" time="0.312">
  <properties/>
  <testcase name="updateExisting_False" classname="WallServiceTest" time="0.308"/>
  <testcase name="updateExisting_True" classname="WallServiceTest" time="0.001"/>
  <testcase name="shouldThrow" classname="WallServiceTest" time="0.002"/>
  <testcase name="addFunction" classname="WallServiceTest" time="0.0"/>
  <testcase name="commentAdded" classname="WallServiceTest" time="0.0"/>
  <system-out><![CDATA[]]></system-out>
  <system-err><![CDATA[]]></system-err>
</testsuite>
