<?xml version="1.0" encoding="UTF-8"?>
<testsuite name="WallServiceTest" tests="5" skipped="0" failures="0" errors="0" timestamp="2021-10-04T19:36:43" hostname="DESKTOP-0CG7ONO" time="0.25">
  <properties/>
  <testcase name="updateExisting_False" classname="WallServiceTest" time="0.246"/>
  <testcase name="updateExisting_True" classname="WallServiceTest" time="0.001"/>
  <testcase name="shouldThrow" classname="WallServiceTest" time="0.001"/>
  <testcase name="addFunction" classname="WallServiceTest" time="0.001"/>
  <testcase name="commentAdded" classname="WallServiceTest" time="0.001"/>
  <system-out><![CDATA[]]></system-out>
  <system-err><![CDATA[]]></system-err>
</testsuite>
